<?xml version="1.0" encoding="UTF-8"?>
<!-- Generated by org.testng.reporters.JUnitReportReporter -->
<testsuite hostname="DESKTOP-JS8U9JP" name="pompack.tests.LoginTest" tests="1" failures="0" timestamp="11 Nov 2019 02:53:03 GMT" time="101.511" errors="0">
  <testcase name="testLogin" time="101.511" classname="pompack.tests.LoginTest"/>
</testsuite> <!-- pompack.tests.LoginTest -->
